<?xml version="1.0" encoding="UTF-8"?>
<coverage generated="1622003512588" clover="3.2.0">
  <project timestamp="1622003512589" name="All files">
    <metrics statements="2" coveredstatements="2" conditionals="0" coveredconditionals="0" methods="2" coveredmethods="2" elements="4" coveredelements="4" complexity="0" loc="2" ncloc="2" packages="1" files="1" classes="1"/>
    <file name="UserValidation.js" path="C:\Users\Samuel\myStuff\Studies\qualicorp_testefullstack_frontend\src\validations\user\UserValidation.js">
      <metrics statements="2" coveredstatements="2" conditionals="0" coveredconditionals="0" methods="2" coveredmethods="2"/>
      <line num="5" count="8" type="stmt"/>
      <line num="12" count="14" type="stmt"/>
    </file>
  </project>
</coverage>
