{"C:\\Users\\Samuel\\myStuff\\Studies\\qualicorp_testefullstack_frontend\\src\\validations\\user\\UserValidation.js": {"path":"C:\\Users\\Samuel\\myStuff\\Studies\\qualicorp_testefullstack_frontend\\src\\validations\\user\\UserValidation.js","statementMap":{"0":{"start":{"line":5,"column":4},"end":{"line":22,"column":6}},"1":{"start":{"line":12,"column":29},"end":{"line":12,"column":48}}},"fnMap":{"0":{"name":"(anonymous_0)","decl":{"start":{"line":4,"column":2},"end":{"line":4,"column":3}},"loc":{"start":{"line":4,"column":33},"end":{"line":23,"column":3}},"line":4},"1":{"name":"(anonymous_1)","decl":{"start":{"line":12,"column":24},"end":{"line":12,"column":25}},"loc":{"start":{"line":12,"column":29},"end":{"line":12,"column":48}},"line":12}},"branchMap":{},"s":{"0":8,"1":14},"f":{"0":8,"1":14},"b":{},"_coverageSchema":"1a1c01bbd47fc00a2c39e90264f33305004495a9","hash":"1e9c614e001c46b6b51c10f2a435ad20525a5953"}
}
